Flow report for binToHex
Sun Nov 04 11:56:43 2012
Quartus II Version 9.0 Build 132 02/25/2009 SJ Full Version


---------------------
; Table of Contents ;
---------------------
  1. Legal Notice
  2. Flow Summary
  3. Flow Settings
  4. Flow Non-Default Global Settings
  5. Flow Elapsed Time
  6. Flow OS Summary
  7. Flow Log



----------------
; Legal Notice ;
----------------
Copyright (C) 1991-2009 Altera Corporation
Your use of Altera Corporation's design tools, logic functions 
and other software and tools, and its AMPP partner logic 
functions, and any output files from any of the foregoing 
(including device programming or simulation files), and any 
associated documentation or information are expressly subject 
to the terms and conditions of the Altera Program License 
Subscription Agreement, Altera MegaCore Function License 
Agreement, or other applicable license agreement, including, 
without limitation, that your use is for the sole purpose of 
programming logic devices manufactured by Altera and sold by 
Altera or its authorized distributors.  Please refer to the 
applicable agreement for further details.



+---------------------------------------------------------------------------+
; Flow Summary                                                              ;
+--------------------------------+------------------------------------------+
; Flow Status                    ; Successful - Sun Nov 04 11:56:39 2012    ;
; Quartus II Version             ; 9.0 Build 132 02/25/2009 SJ Full Version ;
; Revision Name                  ; binToHex                                 ;
; Top-level Entity Name          ; binToHex                                 ;
; Family                         ; Arria GX                                 ;
; Met timing requirements        ; N/A                                      ;
; Logic utilization              ; < 1 %                                    ;
;     Combinational ALUTs        ; 166 / 17,264 ( < 1 % )                   ;
;     Dedicated logic registers  ; 0 / 17,264 ( 0 % )                       ;
; Total registers                ; 0                                        ;
; Total pins                     ; 260 / 366 ( 71 % )                       ;
; Total virtual pins             ; 0                                        ;
; Total block memory bits        ; 0 / 1,229,184 ( 0 % )                    ;
; DSP block 9-bit elements       ; 0 / 80 ( 0 % )                           ;
; Total GXB Receiver Channels    ; 0 / 4 ( 0 % )                            ;
; Total GXB Transmitter Channels ; 0 / 4 ( 0 % )                            ;
; Total PLLs                     ; 0 / 4 ( 0 % )                            ;
; Total DLLs                     ; 0 / 2 ( 0 % )                            ;
; Device                         ; EP1AGX20CF780C6                          ;
; Timing Models                  ; Final                                    ;
+--------------------------------+------------------------------------------+


+-----------------------------------------+
; Flow Settings                           ;
+-------------------+---------------------+
; Option            ; Setting             ;
+-------------------+---------------------+
; Start date & time ; 11/04/2012 11:56:14 ;
; Main task         ; Compilation         ;
; Revision Name     ; binToHex            ;
+-------------------+---------------------+


+---------------------------------------------------------------------------------------------------------------------------------+
; Flow Non-Default Global Settings                                                                                                ;
+------------------------------------+------------------------------+------------------------------+-------------+----------------+
; Assignment Name                    ; Value                        ; Default Value                ; Entity Name ; Section Id     ;
+------------------------------------+------------------------------+------------------------------+-------------+----------------+
; COMPILER_SIGNATURE_ID              ; 206574840919.135200137402996 ; --                           ; --          ; --             ;
; INCREMENTAL_COMPILATION            ; Off                          ; FULL_INCREMENTAL_COMPILATION ; --          ; --             ;
; USE_GENERATED_PHYSICAL_CONSTRAINTS ; Off                          ; --                           ; --          ; eda_blast_fpga ;
+------------------------------------+------------------------------+------------------------------+-------------+----------------+


+-------------------------------------------------------------------------------------------------------------------------------+
; Flow Elapsed Time                                                                                                             ;
+---------------------------+--------------+-------------------------+---------------------+------------------------------------+
; Module Name               ; Elapsed Time ; Average Processors Used ; Peak Virtual Memory ; Total CPU Time (on all processors) ;
+---------------------------+--------------+-------------------------+---------------------+------------------------------------+
; Analysis & Synthesis      ; 00:00:03     ; 1.0                     ; 212 MB              ; 00:00:02                           ;
; Fitter                    ; 00:00:12     ; 1.2                     ; 320 MB              ; 00:00:10                           ;
; Assembler                 ; 00:00:07     ; 1.0                     ; 258 MB              ; 00:00:06                           ;
; TimeQuest Timing Analyzer ; 00:00:02     ; 1.0                     ; 218 MB              ; 00:00:03                           ;
; Total                     ; 00:00:24     ; --                      ; --                  ; 00:00:21                           ;
+---------------------------+--------------+-------------------------+---------------------+------------------------------------+


+--------------------------------------------------------------------------------------------+
; Flow OS Summary                                                                            ;
+---------------------------+------------------+---------------+------------+----------------+
; Module Name               ; Machine Hostname ; OS Name       ; OS Version ; Processor type ;
+---------------------------+------------------+---------------+------------+----------------+
; Analysis & Synthesis      ; PC-20120402SKPZ  ; Windows Vista ; 6.1        ; i1686          ;
; Fitter                    ; PC-20120402SKPZ  ; Windows Vista ; 6.1        ; i1686          ;
; Assembler                 ; PC-20120402SKPZ  ; Windows Vista ; 6.1        ; i1686          ;
; TimeQuest Timing Analyzer ; PC-20120402SKPZ  ; Windows Vista ; 6.1        ; i1686          ;
+---------------------------+------------------+---------------+------------+----------------+


------------
; Flow Log ;
------------
quartus_map --read_settings_files=on --write_settings_files=off binToHex -c binToHex
quartus_fit --read_settings_files=off --write_settings_files=off binToHex -c binToHex
quartus_asm --read_settings_files=off --write_settings_files=off binToHex -c binToHex
quartus_sta binToHex -c binToHex



